#-----------------------------------------------------------
# Vivado v2018.2 (64-bit)
# SW Build 2258646 on Thu Jun 14 20:03:12 MDT 2018
# IP Build 2256618 on Thu Jun 14 22:10:49 MDT 2018
# Start of session at: Mon Jan 27 12:39:55 2020
# Process ID: 8944
# Current directory: C:/Users/matth/Documents/ECE369A_ComputerFundamentals/FinalProject
# Command line: vivado.exe -gui_launcher_event rodinguilauncherevent7144 C:\Users\matth\Documents\ECE369A_ComputerFundamentals\FinalProject\FinalProject.xpr
# Log file: C:/Users/matth/Documents/ECE369A_ComputerFundamentals/FinalProject/vivado.log
# Journal file: C:/Users/matth/Documents/ECE369A_ComputerFundamentals/FinalProject\vivado.jou
#-----------------------------------------------------------
start_gui
open_project C:/Users/matth/Documents/ECE369A_ComputerFundamentals/FinalProject/FinalProject.xpr
CRITICAL WARNING: [Project 1-19] Could not find the file 'C:/Users/matth/Documents/ECE369A_ComputerFundamentals/FinalProject/Files for Labs 15-18/ALU32Bit.v'.
CRITICAL WARNING: [Project 1-19] Could not find the file 'C:/Users/matth/Documents/ECE369A_ComputerFundamentals/FinalProject/Files for Labs 15-18/BranchComparator.v'.
CRITICAL WARNING: [Project 1-19] Could not find the file 'C:/Users/matth/Documents/ECE369A_ComputerFundamentals/FinalProject/Files for Labs 15-18/Controller.v'.
CRITICAL WARNING: [Project 1-19] Could not find the file 'C:/Users/matth/Documents/ECE369A_ComputerFundamentals/FinalProject/Files for Labs 15-18/DataMemory.v'.
CRITICAL WARNING: [Project 1-19] Could not find the file 'C:/Users/matth/Documents/ECE369A_ComputerFundamentals/FinalProject/Files for Labs 15-18/EXMERegister.v'.
CRITICAL WARNING: [Project 1-19] Could not find the file 'C:/Users/matth/Documents/ECE369A_ComputerFundamentals/FinalProject/Files for Labs 15-18/HiLoRegister.v'.
CRITICAL WARNING: [Project 1-19] Could not find the file 'C:/Users/matth/Documents/ECE369A_ComputerFundamentals/FinalProject/Files for Labs 15-18/IDEXRegister.v'.
CRITICAL WARNING: [Project 1-19] Could not find the file 'C:/Users/matth/Documents/ECE369A_ComputerFundamentals/FinalProject/Files for Labs 15-18/IFIDRegister.v'.
CRITICAL WARNING: [Project 1-19] Could not find the file 'C:/Users/matth/Documents/ECE369A_ComputerFundamentals/FinalProject/Files for Labs 15-18/InstructionMemory.v'.
CRITICAL WARNING: [Project 1-19] Could not find the file 'C:/Users/matth/Documents/ECE369A_ComputerFundamentals/FinalProject/Files for Labs 15-18/MEWBRegister.v'.
CRITICAL WARNING: [Project 1-19] Could not find the file 'C:/Users/matth/Documents/ECE369A_ComputerFundamentals/FinalProject/Files for Labs 15-18/Mux32Bit2To1.v'.
CRITICAL WARNING: [Project 1-19] Could not find the file 'C:/Users/matth/Documents/ECE369A_ComputerFundamentals/FinalProject/Files for Labs 15-18/Mux32Bit4To1.v'.
CRITICAL WARNING: [Project 1-19] Could not find the file 'C:/Users/matth/Documents/ECE369A_ComputerFundamentals/FinalProject/Files for Labs 15-18/Mux64Bit4To1.v'.
CRITICAL WARNING: [Project 1-19] Could not find the file 'C:/Users/matth/Documents/ECE369A_ComputerFundamentals/FinalProject/Files for Labs 15-18/PCAdder.v'.
CRITICAL WARNING: [Project 1-19] Could not find the file 'C:/Users/matth/Documents/ECE369A_ComputerFundamentals/FinalProject/Files for Labs 15-18/ProgramCounter.v'.
CRITICAL WARNING: [Project 1-19] Could not find the file 'C:/Users/matth/Documents/ECE369A_ComputerFundamentals/FinalProject/Files for Labs 15-18/RegisterFile.v'.
CRITICAL WARNING: [Project 1-19] Could not find the file 'C:/Users/matth/Documents/ECE369A_ComputerFundamentals/FinalProject/Files for Labs 15-18/SignExtension.v'.
CRITICAL WARNING: [Project 1-19] Could not find the file 'C:/Users/matth/Documents/ECE369A_ComputerFundamentals/FinalProject/Files for Labs 15-18/SignExtension8bit.v'.
CRITICAL WARNING: [Project 1-19] Could not find the file 'C:/Users/matth/Documents/ECE369A_ComputerFundamentals/FinalProject/Files for Labs 15-18/Datapath.v'.
CRITICAL WARNING: [Project 1-19] Could not find the file 'C:/Users/matth/Desktop/Files for Labs 15-18/ALU32Bit.v'.
CRITICAL WARNING: [Project 1-19] Could not find the file 'C:/Users/matth/Desktop/Files for Labs 15-18/BranchComparator.v'.
CRITICAL WARNING: [Project 1-19] Could not find the file 'C:/Users/matth/Desktop/Files for Labs 15-18/Controller.v'.
CRITICAL WARNING: [Project 1-19] Could not find the file 'C:/Users/matth/Desktop/Files for Labs 15-18/DataMemory.v'.
CRITICAL WARNING: [Project 1-19] Could not find the file 'C:/Users/matth/Desktop/Files for Labs 15-18/EXMERegister.v'.
CRITICAL WARNING: [Project 1-19] Could not find the file 'C:/Users/matth/Desktop/Files for Labs 15-18/HiLoRegister.v'.
CRITICAL WARNING: [Project 1-19] Could not find the file 'C:/Users/matth/Desktop/Files for Labs 15-18/IDEXRegister.v'.
CRITICAL WARNING: [Project 1-19] Could not find the file 'C:/Users/matth/Desktop/Files for Labs 15-18/IFIDRegister.v'.
CRITICAL WARNING: [Project 1-19] Could not find the file 'C:/Users/matth/Desktop/Files for Labs 15-18/InstructionMemory.v'.
CRITICAL WARNING: [Project 1-19] Could not find the file 'C:/Users/matth/Desktop/Files for Labs 15-18/MEWBRegister.v'.
CRITICAL WARNING: [Project 1-19] Could not find the file 'C:/Users/matth/Desktop/Files for Labs 15-18/Mux32Bit2To1.v'.
CRITICAL WARNING: [Project 1-19] Could not find the file 'C:/Users/matth/Desktop/Files for Labs 15-18/Mux32Bit4To1.v'.
CRITICAL WARNING: [Project 1-19] Could not find the file 'C:/Users/matth/Desktop/Files for Labs 15-18/Mux64Bit4To1.v'.
CRITICAL WARNING: [Project 1-19] Could not find the file 'C:/Users/matth/Desktop/Files for Labs 15-18/PCAdder.v'.
CRITICAL WARNING: [Project 1-19] Could not find the file 'C:/Users/matth/Desktop/Files for Labs 15-18/ProgramCounter.v'.
CRITICAL WARNING: [Project 1-19] Could not find the file 'C:/Users/matth/Desktop/Files for Labs 15-18/RegisterFile.v'.
CRITICAL WARNING: [Project 1-19] Could not find the file 'C:/Users/matth/Desktop/Files for Labs 15-18/SignExtension.v'.
CRITICAL WARNING: [Project 1-19] Could not find the file 'C:/Users/matth/Desktop/Files for Labs 15-18/SignExtension8bit.v'.
CRITICAL WARNING: [Project 1-19] Could not find the file 'C:/Users/matth/Desktop/Files for Labs 15-18/Datapath.v'.
CRITICAL WARNING: [Project 1-19] Could not find the file 'C:/Users/matth/Desktop/Files for Labs 15-18/Mux4to1.v'.
CRITICAL WARNING: [Project 1-19] Could not find the file 'C:/Users/matth/Documents/ECE369A_ComputerFundamentals/FinalProject/Files for Labs 15-18/Datapath_tb.v'.
CRITICAL WARNING: [Project 1-19] Could not find the file 'C:/Users/matth/Desktop/Files for Labs 15-18/Datapath_tb.v'.
Scanning sources...
Finished scanning sources
INFO: [IP_Flow 19-234] Refreshing IP repositories
INFO: [IP_Flow 19-1704] No user IP repositories specified
INFO: [IP_Flow 19-2313] Loaded Vivado IP repository 'C:/Xilinx/Vivado/2018.2/data/ip'.
open_project: Time (s): cpu = 00:00:14 ; elapsed = 00:00:07 . Memory (MB): peak = 863.457 ; gain = 183.699
update_compile_order -fileset sources_1
exit
INFO: [Common 17-206] Exiting Vivado at Mon Jan 27 12:40:51 2020...
